2021-04-18 00:11:53.909 +06:00 [INF] Application Starting up
2021-04-18 05:45:50.420 +06:00 [INF] Application Starting up
2021-04-18 05:53:38.011 +06:00 [INF] Application Starting up
2021-04-18 06:20:48.556 +06:00 [INF] Application Starting up
2021-04-18 07:44:02.905 +06:00 [INF] Application Starting up
2021-04-18 07:50:06.399 +06:00 [INF] Application Starting up
2021-04-18 07:56:03.830 +06:00 [INF] Application Starting up
2021-04-18 08:04:55.188 +06:00 [INF] Application Starting up
2021-04-18 08:52:13.321 +06:00 [INF] Application Starting up
2021-04-18 08:53:36.565 +06:00 [ERR] An unhandled exception has occurred while executing the request.
Microsoft.CSharp.RuntimeBinder.RuntimeBinderException: Cannot convert null to 'bool' because it is a non-nullable value type
   at CallSite.Target(Closure , CallSite , Object )
   at System.Dynamic.UpdateDelegates.UpdateAndExecute1[T0,TRet](CallSite site, T0 arg0)
   at AspNetCore.Views_Book_AddNewBook.ExecuteAsync() in E:\4_GitHub\Project_Self\My Projects\Book Store Application\Demo.Web\Views\Book\AddNewBook.cshtml:line 8
   at Microsoft.AspNetCore.Mvc.Razor.RazorView.RenderPageCoreAsync(IRazorPage page, ViewContext context)
   at Microsoft.AspNetCore.Mvc.Razor.RazorView.RenderPageAsync(IRazorPage page, ViewContext context, Boolean invokeViewStarts)
   at Microsoft.AspNetCore.Mvc.Razor.RazorView.RenderAsync(ViewContext context)
   at Microsoft.AspNetCore.Mvc.ViewFeatures.ViewExecutor.ExecuteAsync(ViewContext viewContext, String contentType, Nullable`1 statusCode)
   at Microsoft.AspNetCore.Mvc.ViewFeatures.ViewExecutor.ExecuteAsync(ViewContext viewContext, String contentType, Nullable`1 statusCode)
   at Microsoft.AspNetCore.Mvc.ViewFeatures.ViewExecutor.ExecuteAsync(ActionContext actionContext, IView view, ViewDataDictionary viewData, ITempDataDictionary tempData, String contentType, Nullable`1 statusCode)
   at Microsoft.AspNetCore.Mvc.ViewFeatures.ViewResultExecutor.ExecuteAsync(ActionContext context, ViewResult result)
   at Microsoft.AspNetCore.Mvc.ViewResult.ExecuteResultAsync(ActionContext context)
   at Microsoft.AspNetCore.Mvc.Infrastructure.ResourceInvoker.<InvokeNextResultFilterAsync>g__Awaited|29_0[TFilter,TFilterAsync](ResourceInvoker invoker, Task lastTask, State next, Scope scope, Object state, Boolean isCompleted)
   at Microsoft.AspNetCore.Mvc.Infrastructure.ResourceInvoker.Rethrow(ResultExecutedContextSealed context)
   at Microsoft.AspNetCore.Mvc.Infrastructure.ResourceInvoker.ResultNext[TFilter,TFilterAsync](State& next, Scope& scope, Object& state, Boolean& isCompleted)
   at Microsoft.AspNetCore.Mvc.Infrastructure.ResourceInvoker.InvokeResultFilters()
--- End of stack trace from previous location where exception was thrown ---
   at Microsoft.AspNetCore.Mvc.Infrastructure.ResourceInvoker.<InvokeNextResourceFilter>g__Awaited|24_0(ResourceInvoker invoker, Task lastTask, State next, Scope scope, Object state, Boolean isCompleted)
   at Microsoft.AspNetCore.Mvc.Infrastructure.ResourceInvoker.Rethrow(ResourceExecutedContextSealed context)
   at Microsoft.AspNetCore.Mvc.Infrastructure.ResourceInvoker.Next(State& next, Scope& scope, Object& state, Boolean& isCompleted)
   at Microsoft.AspNetCore.Mvc.Infrastructure.ResourceInvoker.InvokeFilterPipelineAsync()
--- End of stack trace from previous location where exception was thrown ---
   at Microsoft.AspNetCore.Mvc.Infrastructure.ResourceInvoker.<InvokeAsync>g__Awaited|17_0(ResourceInvoker invoker, Task task, IDisposable scope)
   at Microsoft.AspNetCore.Routing.EndpointMiddleware.<Invoke>g__AwaitRequestTask|6_0(Endpoint endpoint, Task requestTask, ILogger logger)
   at Microsoft.AspNetCore.Authorization.AuthorizationMiddleware.Invoke(HttpContext context)
   at Microsoft.AspNetCore.Authentication.AuthenticationMiddleware.Invoke(HttpContext context)
   at Microsoft.AspNetCore.Diagnostics.EntityFrameworkCore.MigrationsEndPointMiddleware.Invoke(HttpContext context)
   at Microsoft.AspNetCore.Diagnostics.EntityFrameworkCore.DatabaseErrorPageMiddleware.Invoke(HttpContext httpContext)
   at Microsoft.AspNetCore.Diagnostics.EntityFrameworkCore.DatabaseErrorPageMiddleware.Invoke(HttpContext httpContext)
   at Microsoft.AspNetCore.Diagnostics.DeveloperExceptionPageMiddleware.Invoke(HttpContext context)
2021-04-18 09:04:11.863 +06:00 [INF] Application Starting up
2021-04-18 09:20:34.011 +06:00 [INF] Application Starting up
2021-04-18 09:45:07.018 +06:00 [INF] Application Starting up
2021-04-18 10:52:18.124 +06:00 [INF] Application Starting up
2021-04-18 11:10:18.415 +06:00 [INF] Application Starting up
2021-04-18 11:15:20.629 +06:00 [INF] Application Starting up
2021-04-18 11:18:49.050 +06:00 [INF] Application Starting up
2021-04-18 11:22:43.607 +06:00 [INF] Application Starting up
2021-04-18 11:29:25.190 +06:00 [INF] Application Starting up
2021-04-18 12:51:41.767 +06:00 [INF] Application Starting up
2021-04-18 13:01:32.392 +06:00 [INF] Application Starting up
2021-04-18 13:39:17.029 +06:00 [INF] Application Starting up
2021-04-18 13:51:45.366 +06:00 [INF] Application Starting up
2021-04-18 13:56:19.674 +06:00 [INF] Application Starting up
2021-04-18 14:05:04.085 +06:00 [INF] Application Starting up
2021-04-18 14:12:16.193 +06:00 [INF] Application Starting up
2021-04-18 14:53:26.844 +06:00 [INF] Application Starting up
2021-04-18 15:04:22.462 +06:00 [INF] Application Starting up
2021-04-18 15:19:19.889 +06:00 [INF] Application Starting up
2021-04-18 15:28:19.406 +06:00 [INF] Application Starting up
2021-04-18 15:44:42.309 +06:00 [INF] Application Starting up
2021-04-18 16:12:52.996 +06:00 [INF] Application Starting up
2021-04-18 16:23:38.370 +06:00 [INF] Application Starting up
2021-04-18 16:26:42.757 +06:00 [INF] Application Starting up
2021-04-18 16:38:54.708 +06:00 [INF] Application Starting up
2021-04-18 20:00:07.695 +06:00 [INF] Application Starting up
2021-04-18 20:07:03.318 +06:00 [INF] Application Starting up
2021-04-18 20:27:34.843 +06:00 [INF] Application Starting up
2021-04-18 20:40:18.293 +06:00 [INF] Application Starting up
2021-04-18 21:01:43.784 +06:00 [INF] Application Starting up
2021-04-18 21:23:14.963 +06:00 [INF] Application Starting up
